<?xml version="1.0" encoding="UTF-8"?>
<testsuite xmlns:xsi="http://www.w3.org/2001/XMLSchema-instance" xsi:noNamespaceSchemaLocation="https://maven.apache.org/surefire/maven-surefire-plugin/xsd/surefire-test-report-3.0.xsd" version="3.0" name="edu.llapp.test.SystemTest" time="0.057" tests="5" errors="0" skipped="0" failures="0">
  <properties>
[...]
</properties>
  <testcase name="testTC03_ApiFallback" classname="edu.llapp.test.SystemTest" time="0.019">
    <system-out><![CDATA[Semantic Matcher: Loaded 103 skill similarity relations
Semantic Matcher: Loaded 103 skill similarity relations

=== TC03: API Fallback ===
Fallback to local catalog: 1 courses found
All courses from local catalog
API mode restored
TC03 PASSED
]]></system-out>
    <system-err><![CDATA[May 15, 2026 1:10:18 AM edu.llapp.infra.ApiClient setUseApi
INFO: API mode: DISABLED
May 15, 2026 1:10:18 AM edu.llapp.infra.ApiClient searchCourses
INFO: API disabled — using local catalog for: Python
May 15, 2026 1:10:18 AM edu.llapp.infra.FallbackRouter getLocalCourses
INFO: Falling back to local catalog for: Python
May 15, 2026 1:10:18 AM edu.llapp.infra.FallbackRouter getLocalCourses
INFO: Found 1 courses in local catalog
May 15, 2026 1:10:18 AM edu.llapp.infra.ApiClient setUseApi
INFO: API mode: ENABLED
]]></system-err>
  </testcase>
  <testcase name="testTC02_StrategySwitching" classname="edu.llapp.test.SystemTest" time="0.017">
    <system-out><![CDATA[Semantic Matcher: Loaded 103 skill similarity relations
Semantic Matcher: Loaded 103 skill similarity relations

=== TC02: Strategy Switching ===
Semantic Matcher: Loaded 103 skill similarity relations
Semantic Matcher: Loaded 103 skill similarity relations
Using strategy: KeywordBased
Using strategy: Hybrid
⚠ Weak match: Java ≈ Python (similarity: 55%)
Keyword strategy: 50.0%
Hybrid strategy: 53.849999999999994%
Using strategy: Hybrid
⚠ Weak match: Java ≈ Python (similarity: 55%)
Using strategy: PopularityBased
Using strategy: Personalized
Popularity strategy: 1 courses
Personalized strategy: 1 courses
TC02 PASSED
]]></system-out>
    <system-err><![CDATA[May 15, 2026 1:10:18 AM edu.llapp.infra.ApiClient searchCourses
INFO: API disabled — using local catalog for: Python
May 15, 2026 1:10:18 AM edu.llapp.infra.FallbackRouter getLocalCourses
INFO: Falling back to local catalog for: Python
May 15, 2026 1:10:18 AM edu.llapp.infra.FallbackRouter getLocalCourses
INFO: Found 1 courses in local catalog
]]></system-err>
  </testcase>
  <testcase name="testTC04_EmptySkillSet" classname="edu.llapp.test.SystemTest" time="0.002">
    <system-out><![CDATA[Semantic Matcher: Loaded 103 skill similarity relations
Semantic Matcher: Loaded 103 skill similarity relations

=== TC04: Empty Skill Set ===
Using strategy: KeywordBased
Gap score for empty skills: 0.0%
Missing skills: 2
TC04 PASSED
]]></system-out>
  </testcase>
  <testcase name="testTC01_CompleteWorkflowSuccess" classname="edu.llapp.test.SystemTest" time="0.011">
    <system-out><![CDATA[Semantic Matcher: Loaded 103 skill similarity relations
Semantic Matcher: Loaded 103 skill similarity relations

=== TC01: Complete Workflow Success ===
Using strategy: KeywordBased
Gap analysis completed: 2 gaps found
Found 2 courses
Using strategy: PopularityBased
Recommendations generated: 2 courses
Learning path created: 2 steps, 18 hours
Resume bullets generated: 2 items
TC01 PASSED
]]></system-out>
    <system-err><![CDATA[May 15, 2026 1:10:18 AM edu.llapp.infra.ApiClient searchCourses
INFO: API disabled — using local catalog for: SQL
May 15, 2026 1:10:18 AM edu.llapp.infra.FallbackRouter getLocalCourses
INFO: Falling back to local catalog for: SQL
May 15, 2026 1:10:18 AM edu.llapp.infra.FallbackRouter getLocalCourses
INFO: Found 1 courses in local catalog
May 15, 2026 1:10:18 AM edu.llapp.infra.ApiClient searchCourses
INFO: API disabled — using local catalog for: Python
May 15, 2026 1:10:18 AM edu.llapp.infra.FallbackRouter getLocalCourses
INFO: Falling back to local catalog for: Python
May 15, 2026 1:10:18 AM edu.llapp.infra.FallbackRouter getLocalCourses
INFO: Found 1 courses in local catalog
]]></system-err>
  </testcase>
  <testcase name="testTC05_PerfectMatch" classname="edu.llapp.test.SystemTest" time="0.001">
    <system-out><![CDATA[Semantic Matcher: Loaded 103 skill similarity relations
Semantic Matcher: Loaded 103 skill similarity relations

=== TC05: Perfect Match ===
Using strategy: KeywordBased
Perfect match score: 100.0%
No gaps found
TC05 PASSED
]]></system-out>
  </testcase>
</testsuite>